<?xml version="1.0" encoding="UTF-8"?>
<testsuite name="As a user, I want to create meetings so I can do the sprint ceremonies" tests="1" skipped="0" failures="0" errors="0" timestamp="2022-05-16T17:16:22" hostname="CHBOG553KDL3" time="21.296">
  <properties/>
  <testcase name="Create a meeting successfully" classname="As a user, I want to create meetings so I can do the sprint ceremonies" time="21.296"/>
  <system-out><![CDATA[]]></system-out>
  <system-err><![CDATA[may 16, 2022 12:16:22 PM org.openqa.selenium.remote.DesiredCapabilities chrome
INFORMACIÓN: Using `new ChromeOptions()` is preferred to `DesiredCapabilities.chrome()`
may 16, 2022 12:16:22 PM org.openqa.selenium.remote.ProtocolHandshake createSession
INFORMACIÓN: Detected dialect: W3C
[Test worker] INFO net.serenitybdd.core.Serenity - 
        __    _____ _____ ____ _____   ____   _    ____  ____  _____ ____  
  _     \ \  |_   _| ____/ ___|_   _| |  _ \ / \  / ___|/ ___|| ____|  _ \ 
 (_)_____| |   | | |  _| \___ \ | |   | |_) / _ \ \___ \\___ \|  _| | | | |
  _|_____| |   | | | |___ ___) || |   |  __/ ___ \ ___) |___) | |___| |_| |
 (_)     | |   |_| |_____|____/ |_|   |_| /_/   \_\____/|____/|_____|____/ 
        /_/                                                                

TEST PASSED: Create a meeting successfully
----------------------------------------------------------------------------
]]></system-err>
</testsuite>
