<?xml version="1.0" encoding="UTF-8"?>
<testsuite name="As user, I want to login in the Star Sharp page so I can create meetings" tests="1" skipped="0" failures="0" errors="0" timestamp="2022-05-16T17:16:10" hostname="CHBOG553KDL3" time="11.813">
  <properties/>
  <testcase name="Login with right credentials" classname="As user, I want to login in the Star Sharp page so I can create meetings" time="11.813"/>
  <system-out><![CDATA[]]></system-out>
  <system-err><![CDATA[may 16, 2022 12:16:10 PM org.openqa.selenium.remote.DesiredCapabilities chrome
INFORMACIÓN: Using `new ChromeOptions()` is preferred to `DesiredCapabilities.chrome()`
Starting ChromeDriver 101.0.4951.41 (93c720db8323b3ec10d056025ab95c23a31997c9-refs/branch-heads/4951@{#904}) on port 30198
Only local connections are allowed.
Please see https://chromedriver.chromium.org/security-considerations for suggestions on keeping ChromeDriver safe.
ChromeDriver was started successfully.
may 16, 2022 12:16:12 PM org.openqa.selenium.remote.ProtocolHandshake createSession
INFORMACIÓN: Detected dialect: W3C
[Test worker] INFO net.serenitybdd.core.Serenity - 
        __    _____ _____ ____ _____   ____   _    ____  ____  _____ ____  
  _     \ \  |_   _| ____/ ___|_   _| |  _ \ / \  / ___|/ ___|| ____|  _ \ 
 (_)_____| |   | | |  _| \___ \ | |   | |_) / _ \ \___ \\___ \|  _| | | | |
  _|_____| |   | | | |___ ___) || |   |  __/ ___ \ ___) |___) | |___| |_| |
 (_)     | |   |_| |_____|____/ |_|   |_| /_/   \_\____/|____/|_____|____/ 
        /_/                                                                

TEST PASSED: Login with right credentials
----------------------------------------------------------------------------
]]></system-err>
</testsuite>
